;  LST file generated by mikroListExporter - v.2.0 
; Date/Time: 21-Nov-22 9:05:39 AM
;----------------------------------------------

;Address Opcode 	ASM
0x0000	0x2816      	GOTO       22
_____DoICP:
;__Lib_System.c,6 :: 		
;__Lib_System.c,9 :: 		
0x0003	0x1283      	BCF        STATUS, 5
0x0004	0x1303      	BCF        STATUS, 6
0x0005	0x0821      	MOVF       ___DoICPAddr+1, 0
0x0006	0x008A      	MOVWF      PCLATH
;__Lib_System.c,10 :: 		
0x0007	0x0820      	MOVF       ___DoICPAddr, 0
0x0008	0x0082      	MOVWF      PCL
;__Lib_System.c,12 :: 		
L_end_____DoICP:
0x0009	0x0008      	RETURN
; end of _____DoICP
___CC2DW:
;__Lib_System.c,134 :: 		
;__Lib_System.c,137 :: 		
_CC2D_Loop1:
;__Lib_System.c,139 :: 		
0x000A	0x2003      	CALL       _____DoICP
0x000B	0x118A      	BCF        PCLATH, 3
0x000C	0x120A      	BCF        PCLATH, 4
;__Lib_System.c,141 :: 		
0x000D	0x0080      	MOVWF      INDF
;__Lib_System.c,142 :: 		
0x000E	0x0A84      	INCF       FSR, 1
;__Lib_System.c,143 :: 		
0x000F	0x0AA0      	INCF       ___DoICPAddr, 1
;__Lib_System.c,145 :: 		
0x0010	0x1903      	BTFSC      STATUS, 2
;__Lib_System.c,146 :: 		
0x0011	0x0AA1      	INCF       ___DoICPAddr+1, 1
;__Lib_System.c,147 :: 		
0x0012	0x03F0      	DECF       R0, 1
;__Lib_System.c,149 :: 		
0x0013	0x1D03      	BTFSS      STATUS, 2
;__Lib_System.c,150 :: 		
0x0014	0x280A      	GOTO       _CC2D_Loop1
;__Lib_System.c,152 :: 		
L_end___CC2DW:
0x0015	0x0008      	RETURN
; end of ___CC2DW
_main:
;7seg4.c,1 :: 		void main() {
;7seg4.c,2 :: 		int i=0;
0x0016	0x1283      	BCF        STATUS, 5
0x0017	0x1303      	BCF        STATUS, 6
0x0018	0x01A2      	CLRF       main_i_L0
0x0019	0x01A3      	CLRF       main_i_L0+1
0x001A	0x3040      	MOVLW      64
0x001B	0x00A4      	MOVWF      main_arra_L0
0x001C	0x3079      	MOVLW      121
0x001D	0x00A5      	MOVWF      main_arra_L0+1
0x001E	0x3024      	MOVLW      36
0x001F	0x00A6      	MOVWF      main_arra_L0+2
0x0020	0x3030      	MOVLW      48
0x0021	0x00A7      	MOVWF      main_arra_L0+3
0x0022	0x3019      	MOVLW      25
0x0023	0x00A8      	MOVWF      main_arra_L0+4
0x0024	0x3012      	MOVLW      18
0x0025	0x00A9      	MOVWF      main_arra_L0+5
0x0026	0x3002      	MOVLW      2
0x0027	0x00AA      	MOVWF      main_arra_L0+6
0x0028	0x3078      	MOVLW      120
0x0029	0x00AB      	MOVWF      main_arra_L0+7
0x002A	0x01AC      	CLRF       main_arra_L0+8
0x002B	0x3010      	MOVLW      16
0x002C	0x00AD      	MOVWF      main_arra_L0+9
;7seg4.c,5 :: 		TRISB=0x00;
0x002D	0x1683      	BSF        STATUS, 5
0x002E	0x0186      	CLRF       TRISB
;7seg4.c,7 :: 		TRISC=0xff;
0x002F	0x30FF      	MOVLW      255
0x0030	0x0087      	MOVWF      TRISC
;7seg4.c,8 :: 		TRISD=0xff;
0x0031	0x30FF      	MOVLW      255
0x0032	0x0088      	MOVWF      TRISD
;7seg4.c,9 :: 		portb=0xff;
0x0033	0x30FF      	MOVLW      255
0x0034	0x1283      	BCF        STATUS, 5
0x0035	0x0086      	MOVWF      PORTB
;7seg4.c,11 :: 		while(1)
L_main0:
;7seg4.c,13 :: 		if(portc.f5==1)
0x0036	0x1E87      	BTFSS      PORTC, 5
0x0037	0x2856      	GOTO       L_main2
;7seg4.c,16 :: 		portb=arra[i];
0x0038	0x0822      	MOVF       main_i_L0, 0
0x0039	0x3E24      	ADDLW      main_arra_L0
0x003A	0x0084      	MOVWF      FSR
0x003B	0x0800      	MOVF       INDF, 0
0x003C	0x0086      	MOVWF      PORTB
;7seg4.c,17 :: 		delay_ms(400);
0x003D	0x3005      	MOVLW      5
0x003E	0x00FB      	MOVWF      R11
0x003F	0x300F      	MOVLW      15
0x0040	0x00FC      	MOVWF      R12
0x0041	0x30F1      	MOVLW      241
0x0042	0x00FD      	MOVWF      R13
L_main3:
0x0043	0x0BFD      	DECFSZ     R13, 1
0x0044	0x2843      	GOTO       L_main3
0x0045	0x0BFC      	DECFSZ     R12, 1
0x0046	0x2843      	GOTO       L_main3
0x0047	0x0BFB      	DECFSZ     R11, 1
0x0048	0x2843      	GOTO       L_main3
;7seg4.c,18 :: 		i++;
0x0049	0x0AA2      	INCF       main_i_L0, 1
0x004A	0x1903      	BTFSC      STATUS, 2
0x004B	0x0AA3      	INCF       main_i_L0+1, 1
;7seg4.c,19 :: 		if(i==10)
0x004C	0x3000      	MOVLW      0
0x004D	0x0623      	XORWF      main_i_L0+1, 0
0x004E	0x1D03      	BTFSS      STATUS, 2
0x004F	0x2852      	GOTO       L__main9
0x0050	0x300A      	MOVLW      10
0x0051	0x0622      	XORWF      main_i_L0, 0
L__main9:
0x0052	0x1D03      	BTFSS      STATUS, 2
0x0053	0x2856      	GOTO       L_main4
;7seg4.c,21 :: 		i=0;
0x0054	0x01A2      	CLRF       main_i_L0
0x0055	0x01A3      	CLRF       main_i_L0+1
;7seg4.c,22 :: 		}
L_main4:
;7seg4.c,23 :: 		}
L_main2:
;7seg4.c,25 :: 		if(portd.f1==1)
0x0056	0x1C88      	BTFSS      PORTD, 1
0x0057	0x2884      	GOTO       L_main5
;7seg4.c,28 :: 		if(i<=0)
0x0058	0x3080      	MOVLW      128
0x0059	0x00F0      	MOVWF      R0
0x005A	0x3080      	MOVLW      128
0x005B	0x0623      	XORWF      main_i_L0+1, 0
0x005C	0x0270      	SUBWF      R0, 0
0x005D	0x1D03      	BTFSS      STATUS, 2
0x005E	0x2861      	GOTO       L__main10
0x005F	0x0822      	MOVF       main_i_L0, 0
0x0060	0x3C00      	SUBLW      0
L__main10:
0x0061	0x1C03      	BTFSS      STATUS, 0
0x0062	0x2867      	GOTO       L_main6
;7seg4.c,30 :: 		i=10;
0x0063	0x300A      	MOVLW      10
0x0064	0x00A2      	MOVWF      main_i_L0
0x0065	0x3000      	MOVLW      0
0x0066	0x00A3      	MOVWF      main_i_L0+1
;7seg4.c,31 :: 		}
L_main6:
;7seg4.c,32 :: 		portb=arra[i-1];
0x0067	0x3001      	MOVLW      1
0x0068	0x0222      	SUBWF      main_i_L0, 0
0x0069	0x00F0      	MOVWF      R0
0x006A	0x3000      	MOVLW      0
0x006B	0x1C03      	BTFSS      STATUS, 0
0x006C	0x3E01      	ADDLW      1
0x006D	0x0223      	SUBWF      main_i_L0+1, 0
0x006E	0x00F1      	MOVWF      R0+1
0x006F	0x0870      	MOVF       R0, 0
0x0070	0x3E24      	ADDLW      main_arra_L0
0x0071	0x0084      	MOVWF      FSR
0x0072	0x0800      	MOVF       INDF, 0
0x0073	0x0086      	MOVWF      PORTB
;7seg4.c,33 :: 		delay_ms(400);
0x0074	0x3005      	MOVLW      5
0x0075	0x00FB      	MOVWF      R11
0x0076	0x300F      	MOVLW      15
0x0077	0x00FC      	MOVWF      R12
0x0078	0x30F1      	MOVLW      241
0x0079	0x00FD      	MOVWF      R13
L_main7:
0x007A	0x0BFD      	DECFSZ     R13, 1
0x007B	0x287A      	GOTO       L_main7
0x007C	0x0BFC      	DECFSZ     R12, 1
0x007D	0x287A      	GOTO       L_main7
0x007E	0x0BFB      	DECFSZ     R11, 1
0x007F	0x287A      	GOTO       L_main7
;7seg4.c,34 :: 		i--;
0x0080	0x3001      	MOVLW      1
0x0081	0x02A2      	SUBWF      main_i_L0, 1
0x0082	0x1C03      	BTFSS      STATUS, 0
0x0083	0x03A3      	DECF       main_i_L0+1, 1
;7seg4.c,36 :: 		}
L_main5:
;7seg4.c,37 :: 		}
0x0084	0x2836      	GOTO       L_main0
;7seg4.c,38 :: 		}
L_end_main:
0x0085	0x2885      	GOTO       $+0
; end of _main
Symbol List:
//** Routines locations **
//ADDRESS    SIZE    PROCEDURE
//----------------------------------------------
0x0003       [7]    _____DoICP
0x000A      [12]    ___CC2DW
0x0016     [112]    _main
//** Variables locations ** 
//ADDRESS    SIZE    VARIABLE
//----------------------------------------------
0x0000       [1]    INDF
0x0002       [1]    PCL
0x0003       [1]    STATUS
0x0004       [1]    FSR
0x0006       [1]    PORTB
0x0007       [1]    PORTC
0x0008       [1]    PORTD
0x000A       [1]    PCLATH
0x0020       [2]    ___DoICPAddr
0x0022       [2]    main_i_L0
0x0024      [10]    main_arra_L0
0x0070       [1]    R0
0x0071       [1]    R1
0x0072       [1]    R2
0x0073       [1]    R3
0x0074       [1]    R4
0x0075       [1]    R5
0x0076       [1]    R6
0x0077       [1]    R7
0x0078       [1]    R8
0x0079       [1]    R9
0x007A       [1]    R10
0x007B       [1]    R11
0x007C       [1]    R12
0x007D       [1]    R13
0x007E       [1]    R14
0x007F       [1]    R15
0x0086       [1]    TRISB
0x0087       [1]    TRISC
0x0088       [1]    TRISD
//** Label List: ** 
//----------------------------------------------
  L_main0
  L_main1
  L_main2
  L_main3
  L_main4
  L_main5
  L_main6
  L_main7
  L_end_main
  _main
  L__main9
  L__main10
  L_loopCA2AWs
  L_CA2AWend
  _CCA2AW_Loop1
  L_loopCS2Ss
  L_CS2Send
  _CCS2S_Loop1
  L_CCS2Send
  L_loopFZinSWs
  L_FZinSend
  _CC2D_Loop1
  L_end_____DoICP
  _____DoICP
  L_end_____DoIFC
  _____DoIFC
  L_end___CA2AW
  ___CA2AW
  L_end___CCA2AW
  ___CCA2AW
  L_end___CS2S
  ___CS2S
  L_end___CCS2S
  ___CCS2S
  L_end___FZinS
  ___FZinS
  L_end___CC2DW
  ___CC2DW
  L_end_Swap
  _Swap
